skipping directory .
sending incremental file list
created directory /azuredrive/deepimage/data2/t-achetan/adv_geom_dumps/dumps/expC_dist_learner_for_adv_ex/rdm_concspheres_test/rdm_concspheres_k50n500_noninfdist_moreoffmfldv3_bs4096_inferred
./
1/
1/config.json
1/cout.txt
1/metrics.json
1/pred_vs_gt_dists_S1_train.png
1/pred_vs_gt_dists_S1_val.png
1/pred_vs_gt_dists_S2_train.png
1/pred_vs_gt_dists_S2_val.png
1/pred_vs_gt_dists_all_train.png
1/pred_vs_gt_dists_all_val.png
1/rsync_bkup_sanity_check_cout.txt
1/run.json
1/specs.json
1/logits/
1/logits/test/
1/logits/test/logits.pt
1/logits/test/specs.json
1/logits/test/targets.pt
1/logits/train/
1/logits/train/logits.pt
1/logits/train/specs.json
1/logits/train/targets.pt
1/logits/val/
1/logits/val/logits.pt
1/logits/val/specs.json
1/logits/val/targets.pt
1/models/
1/models/ckpt.pth
1/models/running_ckpt.pth
1/tensorboard/
1/tensorboard/rdm_concspheres_k50n500_noninfdist_moreoffmfldv3_bs4096_inferred/
1/tensorboard/rdm_concspheres_k50n500_noninfdist_moreoffmfldv3_bs4096_inferred/events.out.tfevents.1652060641.6cd3b71f5da9.28828.0
_sources/
_sources/data_configs_a2540493d656da5f559e65fef2f83e55.py
_sources/data_ingredients_217469feec660b257666922e7dab49d8.py
_sources/learn_cls_from_dist_b690303628c7b6b4b703708f5473cb58.py
_sources/model_ingredients_58f7d4f7c5308eb4342f01962b47d466.py
data/
data/test/
data/test/_anchor.pkl
data/test/_rotation.pkl
data/test/_translation.pkl
data/test/_x_ck.pkl
data/test/_x_cn.pkl
data/test/all_actual_distances.pkl
data/test/all_distances.pkl
data/test/all_points.pkl
data/test/all_smooth_distances.pkl
data/test/class_labels.pkl
data/test/data.pkl
data/test/fix_center.pkl
data/test/normed_all_actual_distances.pkl
data/test/normed_all_distances.pkl
data/test/normed_all_points.pkl
data/test/normed_all_smooth_distances.pkl
data/test/pre_class_labels.pkl
data/test/specs.json
data/test/S1_dump/
data/test/S1_dump/_anchor.pkl
data/test/S1_dump/_rotation.pkl
data/test/S1_dump/_translation.pkl
data/test/S1_dump/actual_distances.pkl
data/test/S1_dump/data.pkl
data/test/S1_dump/distances.pkl
data/test/S1_dump/fix_center.pkl
data/test/S1_dump/normed_actual_distances.pkl
data/test/S1_dump/normed_distances.pkl
data/test/S1_dump/normed_points_n.pkl
data/test/S1_dump/normed_x_cn.pkl
data/test/S1_dump/points_k.pkl
data/test/S1_dump/points_n.pkl
data/test/S1_dump/points_n_rot_.pkl
data/test/S1_dump/points_n_tr_.pkl
data/test/S1_dump/points_n_trivial_.pkl
data/test/S1_dump/pre_images_k.pkl
data/test/S1_dump/specs.json
data/test/S1_dump/x_ck.pkl
data/test/S1_dump/x_cn.pkl
data/test/S1_dump/x_cn_rot_.pkl
data/test/S1_dump/x_cn_tr_.pkl
data/test/S1_dump/x_cn_trivial_.pkl
data/test/S2_dump/
data/test/S2_dump/_anchor.pkl
data/test/S2_dump/_rotation.pkl
data/test/S2_dump/_translation.pkl
data/test/S2_dump/actual_distances.pkl
data/test/S2_dump/data.pkl
data/test/S2_dump/distances.pkl
data/test/S2_dump/fix_center.pkl
data/test/S2_dump/normed_actual_distances.pkl
data/test/S2_dump/normed_distances.pkl
data/test/S2_dump/normed_points_n.pkl
data/test/S2_dump/normed_x_cn.pkl
data/test/S2_dump/points_k.pkl
data/test/S2_dump/points_n.pkl
data/test/S2_dump/points_n_rot_.pkl
data/test/S2_dump/points_n_tr_.pkl
data/test/S2_dump/points_n_trivial_.pkl
data/test/S2_dump/pre_images_k.pkl
data/test/S2_dump/specs.json
data/test/S2_dump/x_ck.pkl
data/test/S2_dump/x_cn.pkl
data/test/S2_dump/x_cn_rot_.pkl
data/test/S2_dump/x_cn_tr_.pkl
data/test/S2_dump/x_cn_trivial_.pkl
data/train/
data/train/_anchor.pkl
data/train/_rotation.pkl
data/train/_translation.pkl
data/train/_x_ck.pkl
data/train/_x_cn.pkl
data/train/all_actual_distances.pkl
data/train/all_distances.pkl
data/train/all_points.pkl
data/train/all_points_rot_.pkl
data/train/all_points_tr_.pkl
data/train/all_points_trivial_.pkl
data/train/class_labels.pkl
data/train/data.pkl
data/train/fix_center.pkl
data/train/nn_distances.pkl
data/train/nn_indices.pkl
data/train/normed_all_actual_distances.pkl
data/train/normed_all_distances.pkl
data/train/normed_all_points.pkl
data/train/on_mfld_pts_k_.pkl
data/train/on_mfld_pts_trivial_.pkl
data/train/poca_idx.pkl
data/train/poca_idx_counts.pkl
data/train/specs.json
data/train/S1_dump/
data/train/S1_dump/_rotation.pkl
data/train/S1_dump/_translation.pkl
data/train/S1_dump/data.pkl
data/train/S1_dump/points_k.pkl
data/train/S1_dump/specs.json
data/train/S1_dump/x_ck.pkl
data/train/S2_dump/
data/train/S2_dump/_rotation.pkl
data/train/S2_dump/_translation.pkl
data/train/S2_dump/data.pkl
data/train/S2_dump/points_k.pkl
data/train/S2_dump/specs.json
data/train/S2_dump/x_ck.pkl
data/val/
data/val/_anchor.pkl
data/val/_rotation.pkl
data/val/_translation.pkl
data/val/_x_ck.pkl
data/val/_x_cn.pkl
data/val/all_actual_distances.pkl
data/val/all_distances.pkl
data/val/all_points.pkl
data/val/all_smooth_distances.pkl
data/val/class_labels.pkl
data/val/data.pkl
data/val/fix_center.pkl
data/val/normed_all_actual_distances.pkl
data/val/normed_all_distances.pkl
data/val/normed_all_points.pkl
data/val/normed_all_smooth_distances.pkl
data/val/pre_class_labels.pkl
data/val/specs.json
data/val/S1_dump/
data/val/S1_dump/_anchor.pkl
data/val/S1_dump/_rotation.pkl
data/val/S1_dump/_translation.pkl
data/val/S1_dump/actual_distances.pkl
data/val/S1_dump/data.pkl
data/val/S1_dump/distances.pkl
data/val/S1_dump/fix_center.pkl
data/val/S1_dump/normed_actual_distances.pkl
data/val/S1_dump/normed_distances.pkl
data/val/S1_dump/normed_points_n.pkl
data/val/S1_dump/normed_x_cn.pkl
data/val/S1_dump/points_k.pkl
data/val/S1_dump/points_n.pkl
data/val/S1_dump/points_n_rot_.pkl
data/val/S1_dump/points_n_tr_.pkl
data/val/S1_dump/points_n_trivial_.pkl
data/val/S1_dump/pre_images_k.pkl
data/val/S1_dump/specs.json
data/val/S1_dump/x_ck.pkl
data/val/S1_dump/x_cn.pkl
data/val/S1_dump/x_cn_rot_.pkl
data/val/S1_dump/x_cn_tr_.pkl
data/val/S1_dump/x_cn_trivial_.pkl
data/val/S2_dump/
data/val/S2_dump/_anchor.pkl
data/val/S2_dump/_rotation.pkl
data/val/S2_dump/_translation.pkl
data/val/S2_dump/actual_distances.pkl
data/val/S2_dump/data.pkl
data/val/S2_dump/distances.pkl
data/val/S2_dump/fix_center.pkl
data/val/S2_dump/normed_actual_distances.pkl
data/val/S2_dump/normed_distances.pkl
data/val/S2_dump/normed_points_n.pkl
data/val/S2_dump/normed_x_cn.pkl
data/val/S2_dump/points_k.pkl
data/val/S2_dump/points_n.pkl
data/val/S2_dump/points_n_rot_.pkl
data/val/S2_dump/points_n_tr_.pkl
data/val/S2_dump/points_n_trivial_.pkl
data/val/S2_dump/pre_images_k.pkl
data/val/S2_dump/specs.json
data/val/S2_dump/x_ck.pkl
data/val/S2_dump/x_cn.pkl
data/val/S2_dump/x_cn_rot_.pkl
data/val/S2_dump/x_cn_tr_.pkl
data/val/S2_dump/x_cn_trivial_.pkl

sent 63,720,354,529 bytes  received 3,999 bytes  8,460,513.65 bytes/sec
total size is 77,638,216,233  speedup is 1.22
